app/build/outputs/mapping/release/configuration.txt
# The proguard configuration file for the following section is default_proguard_files\global\proguard-android-optimize.txt-8.2.2
# This is a configuration file for ProGuard.
# http://proguard.sourceforge.net/index.html#manual/usage.html
#
# Starting with version 2.2 of the Android plugin for Gradle, this file is distributed together with
# the plugin and unpacked at build-time. The files in $ANDROID_HOME are no longer maintained and
# will be ignored by new version of the Android plugin for Gradle.

# Optimizations: If you don't want to optimize, use the proguard-android.txt configuration file
# instead of this one, which turns off the optimization flags.
# Adding optimization introduces certain risks, since for example not all optimizations performed by
# ProGuard works on all versions of Dalvik.  The following flags turn off various optimizations
# known to have issues, but the list may not be complete or up to date. (The "arithmetic"
# optimization can be used if you are only targeting Android 2.0 or later.)  Make sure you test
# thoroughly if you go this route.
-optimizations !code/simplification/arithmetic,!code/simplification/cast,!field/*,!class/merging/*
-optimizationpasses 5
-allowaccessmodification

-dontusemixedcaseclassnames
-dontskipnonpubliclibraryclasses
-verbose

# Preserve some attributes that may be required for reflection.
-keepattributes AnnotationDefault,
                EnclosingMethod,
                InnerClasses,
                RuntimeVisibleAnnotations,
                RuntimeVisibleParameterAnnotations,
                RuntimeVisibleTypeAnnotations,
                Signature

-keep public class com.google.vending.licensing.ILicensingService
-keep public class com.android.vending.licensing.ILicensingService
-keep public class com.google.android.vending.licensing.ILicensingService
-dontnote com.android.vending.licensing.ILicensingService
-dontnote com.google.vending.licensing.ILicensingService
-dontnote com.google.android.vending.licensing.ILicensingService

# For native methods, see http://proguard.sourceforge.net/manual/examples.html#native
-keepclasseswithmembernames,includedescriptorclasses class * {
    native <methods>;
}

# Keep setters in Views so that animations can still work.
-keepclassmembers public class * extends android.view.View {
    void set*(***);
    *** get*();
}

# We want to keep methods in Activity that could be used in the XML attribute onClick.
-keepclassmembers class * extends android.app.Activity {
    public void *(android.view.View);
}

# For enumeration classes, see http://proguard.sourceforge.net/manual/examples.html#enumerations
-keepclassmembers enum * {
    public static **[] values();
    public static ** valueOf(java.lang.String);
}

-keepclassmembers class * implements android.os.Parcelable {
    public static final ** CREATOR;
}

# Preserve annotated Javascript interface methods.
-keepclassmembers class * {
    @android.webkit.JavascriptInterface <methods>;
}

# The support libraries contains references to newer platform versions.
# Don't warn about those in case this app is linking against an older
# platform version. We know about them, and they are safe.
-dontnote android.support.**
-dontnote androidx.**
-dontwarn android.support.**
-dontwarn androidx.**

# This class is deprecated, but remains for backward compatibility.
-dontwarn android.util.FloatMath

# Understand the @Keep support annotation.
-keep class android.support.annotation.Keep
-keep class androidx.annotation.Keep

-keep @android.support.annotation.Keep class * {*;}
-keep @androidx.annotation.Keep class * {*;}

-keepclasseswithmembers class * {
    @android.support.annotation.Keep <methods>;
}

-keepclasseswithmembers class * {
    @androidx.annotation.Keep <methods>;
}

-keepclasseswithmembers class * {
    @android.support.annotation.Keep <fields>;
}

-keepclasseswithmembers class * {
    @androidx.annotation.Keep <fields>;
}

-keepclasseswithmembers class * {
    @android.support.annotation.Keep <init>(...);
}

-keepclasseswithmembers class * {
    @androidx.annotation.Keep <init>(...);
}

# These classes are duplicated between android.jar and org.apache.http.legacy.jar.
-dontnote org.apache.http.**
-dontnote android.net.http.**

# These classes are duplicated between android.jar and core-lambda-stubs.jar.
-dontnote java.lang.invoke.**

# End of content from default_proguard_files\global\proguard-android-optimize.txt-8.2.2
# The proguard configuration file for the following section is WealthWise\app\proguard-rules.pro
# Add project specific ProGuard rules here.
# You can control the set of applied configuration files using the
# proguardFiles setting in build.gradle.
#
# For more details, see
#   http://developer.android.com/guide/developing/tools/proguard.html

# If your project uses WebView with JS, uncomment the following
# and specify the fully qualified class name to the JavaScript interface
# class:
#-keepclassmembers class fqcn.of.javascript.interface.for.webview {
#   public *;
#}

# Uncomment this to preserve the line number information for
# debugging stack traces.
#-keepattributes SourceFile,LineNumberTable

# If you keep the line number information, uncomment this to
# hide the original source file name.
#-renamesourcefileattribute SourceFile

# Keep Firebase and Room classes
-keep class com.google.firebase.** { *; }
-keep class androidx.room.** { *; }

# Keep data classes for Room and Firebase
-keep class com.wealthwise.data.** { *; } 
# End of content from WealthWise\app\proguard-rules.pro
# The proguard configuration file for the following section is aapt_proguard_file\release\aapt_rules.txt
-keep class androidx.core.app.CoreComponentFactory { <init>(); }
-keep class androidx.profileinstaller.ProfileInstallReceiver { <init>(); }
-keep class androidx.room.MultiInstanceInvalidationService { <init>(); }
-keep class androidx.startup.InitializationProvider { <init>(); }
-keep class com.google.android.gms.common.api.GoogleApiActivity { <init>(); }
-keep class com.google.android.gms.measurement.AppMeasurementJobService { <init>(); }
-keep class com.google.android.gms.measurement.AppMeasurementReceiver { <init>(); }
-keep class com.google.android.gms.measurement.AppMeasurementService { <init>(); }
-keep class com.google.firebase.auth.internal.GenericIdpActivity { <init>(); }
-keep class com.google.firebase.auth.internal.RecaptchaActivity { <init>(); }
-keep class com.google.firebase.components.ComponentDiscoveryService { <init>(); }
-keep class com.google.firebase.provider.FirebaseInitProvider { <init>(); }
-keep class com.wealthwise.MainActivity { <init>(); }
-keep class android.widget.Space { <init>(android.content.Context, android.util.AttributeSet); }

-keep class androidx.appcompat.app.AlertController$RecycleListView { <init>(android.content.Context, android.util.AttributeSet); }

-keep class androidx.appcompat.view.menu.ActionMenuItemView { <init>(android.content.Context, android.util.AttributeSet); }

-keep class androidx.appcompat.view.menu.ExpandedMenuView { <init>(android.content.Context, android.util.AttributeSet); }

-keep class androidx.appcompat.view.menu.ListMenuItemView { <init>(android.content.Context, android.util.AttributeSet); }

-keep class androidx.appcompat.widget.ActionBarContainer { <init>(android.content.Context, android.util.AttributeSet); }

-keep class androidx.appcompat.widget.ActionBarContextView { <init>(android.content.Context, android.util.AttributeSet); }

-keep class androidx.appcompat.widget.ActionBarOverlayLayout { <init>(android.content.Context, android.util.AttributeSet); }

-keep class androidx.appcompat.widget.ActionMenuView { <init>(android.content.Context, android.util.AttributeSet); }

-keep class androidx.appcompat.widget.ActivityChooserView$InnerLayout { <init>(android.content.Context, android.util.AttributeSet); }

-keep class androidx.appcompat.widget.AlertDialogLayout { <init>(android.content.Context, android.util.AttributeSet); }

-keep class androidx.appcompat.widget.ButtonBarLayout { <init>(android.content.Context, android.util.AttributeSet); }

-keep class androidx.appcompat.widget.ContentFrameLayout { <init>(android.content.Context, android.util.AttributeSet); }

-keep class androidx.appcompat.widget.DialogTitle { <init>(android.content.Context, android.util.AttributeSet); }

-keep class androidx.appcompat.widget.FitWindowsFrameLayout { <init>(android.content.Context, android.util.AttributeSet); }

-keep class androidx.appcompat.widget.FitWindowsLinearLayout { <init>(android.content.Context, android.util.AttributeSet); }

-keep class androidx.appcompat.widget.SearchView$SearchAutoComplete { <init>(android.content.Context, android.util.AttributeSet); }

-keep class androidx.appcompat.widget.Toolbar { <init>(android.content.Context, android.util.AttributeSet); }

-keep class androidx.appcompat.widget.ViewStubCompat { <init>(android.content.Context, android.util.AttributeSet); }

-keep class androidx.browser.browseractions.BrowserActionsFallbackMenuView { <init>(android.content.Context, android.util.AttributeSet); }

-keep class androidx.core.widget.NestedScrollView { <init>(android.content.Context, android.util.AttributeSet); }


# End of content from aapt_proguard_file\release\aapt_rules.txt
# The proguard configuration file for the following section is transformed\appcompat-1.6.1\proguard.txt
# Copyright (C) 2018 The Android Open Source Project
#
# Licensed under the Apache License, Version 2.0 (the "License");
# you may not use this file except in compliance with the License.
# You may obtain a copy of the License at
#
#      http://www.apache.org/licenses/LICENSE-2.0
#
# Unless required by applicable law or agreed to in writing, software
# distributed under the License is distributed on an "AS IS" BASIS,
# WITHOUT WARRANTIES OR CONDITIONS OF ANY KIND, either express or implied.
# See the License for the specific language governing permissions and
# limitations under the License.

# aapt is not able to read app::actionViewClass and app:actionProviderClass to produce proguard
# keep rules. Add a commonly used SearchView to the keep list until b/109831488 is resolved.
-keep class androidx.appcompat.widget.SearchView { <init>(...); }

# Never inline methods, but allow shrinking and obfuscation.
-keepclassmembernames,allowobfuscation,allowshrinking class androidx.appcompat.widget.AppCompatTextViewAutoSizeHelper$Impl* {
  <methods>;
}

# End of content from transformed\appcompat-1.6.1\proguard.txt
# The proguard configuration file for the following section is transformed\jetified-firebase-auth-22.3.1\proguard.txt
-dontwarn com.google.appengine.api.**
-dontwarn okio.**
-dontwarn org.apache.**
-dontwarn retrofit.android.**
-dontwarn retrofit.appengine.**
-dontwarn retrofit.client.**
-dontwarn rx.**

# This is necessary for keeping SecureTokenHttpApi and IdentityToolkitHttpApi
# Otherwise those classes get stripped out, as they are only being used
# reflectively.

-keepclasseswithmembernames interface * {
    @retrofit.http.* <methods>;
}

# This is necessary for parsing JSON responses, since the JSON converter uses reflection to figure out the class/type of response.
# We mainly need the *Response.classes to not be stripped out. All the firebase-auth classes are proguarded into "com.google.android.gms.internal.firebase-auth-api*".

-keep class com.google.android.gms.internal.** { *; }

# We keep all fields for every generated proto file as the runtime uses
# reflection over them that ProGuard cannot detect. Without this keep
# rule, fields may be removed that would cause runtime failures.
-keepclassmembers class * extends com.google.android.gms.internal.firebase-auth-api.zzaja {
  <fields>;
}

# End of content from transformed\jetified-firebase-auth-22.3.1\proguard.txt
# The proguard configuration file for the following section is transformed\jetified-firebase-firestore-24.10.3\proguard.txt
# Needed for DNS resolution.  Present in OpenJDK, but not Android
-dontwarn javax.naming.**

# Don't warn about checkerframework
#
# Guava uses the checkerframework and the annotations
# can safely be ignored at runtime.
-dontwarn org.checkerframework.**

# Guava warnings:
-dontwarn java.lang.ClassValue
-dontwarn com.google.j2objc.annotations.Weak
-dontwarn org.codehaus.mojo.animal_sniffer.IgnoreJRERequirement
-dontwarn javax.lang.model.element.Modifier

# Okhttp warnings.
-dontwarn okio.**
-dontwarn com.google.j2objc.annotations.**

# End of content from transformed\jetified-firebase-firestore-24.10.3\proguard.txt
# The proguard configuration file for the following section is transformed\jetified-play-services-measurement-api-21.5.1\proguard.txt
# Can be removed once we pull in a dependency on firebase-common that includes
# https://github.com/firebase/firebase-android-sdk/pull/1472/commits/856f1ca1151cdd88679bbc778892f23dfa34fc06#diff-a2ed34b5a38b4c6c686b09e54865eb48
-dontwarn com.google.auto.value.AutoValue
-dontwarn com.google.auto.value.AutoValue$Builder

# We keep all fields for every generated proto file as the runtime uses
# reflection over them that ProGuard cannot detect. Without this keep
# rule, fields may be removed that would cause runtime failures.
-keepclassmembers class * extends com.google.android.gms.internal.measurement.zzjf {
  <fields>;
}

# End of content from transformed\jetified-play-services-measurement-api-21.5.1\proguard.txt
# The proguard configuration file for the following section is transformed\jetified-firebase-auth-interop-20.0.0\proguard.txt
# Can be removed once we pull in a dependency on firebase-common that includes
# https://github.com/firebase/firebase-android-sdk/pull/1472/commits/856f1ca1151cdd88679bbc778892f23dfa34fc06#diff-a2ed34b5a38b4c6c686b09e54865eb48
-dontwarn com.google.auto.value.AutoValue
-dontwarn com.google.auto.value.AutoValue$Builder

# End of content from transformed\jetified-firebase-auth-interop-20.0.0\proguard.txt
# The proguard configuration file for the following section is transformed\jetified-firebase-common-20.4.2\proguard.txt
-dontwarn com.google.firebase.platforminfo.KotlinDetector
-dontwarn com.google.auto.value.AutoValue
-dontwarn com.google.auto.value.AutoValue$Builder

# End of content from transformed\jetified-firebase-common-20.4.2\proguard.txt
# The proguard configuration file for the following section is transformed\jetified-play-services-measurement-21.5.1\proguard.txt
# We keep all fields for every generated proto file as the runtime uses
# reflection over them that ProGuard cannot detect. Without this keep
# rule, fields may be removed that would cause runtime failures.
-keepclassmembers class * extends com.google.android.gms.internal.measurement.zzjf {
  <fields>;
}

# End of content from transformed\jetified-play-services-measurement-21.5.1\proguard.txt
# The proguard configuration file for the following section is transformed\jetified-play-services-measurement-sdk-21.5.1\proguard.txt
# We keep all fields for every generated proto file as the runtime uses
# reflection over them that ProGuard cannot detect. Without this keep
# rule, fields may be removed that would cause runtime failures.
-keepclassmembers class * extends com.google.android.gms.internal.measurement.zzjf {
  <fields>;
}

# End of content from transformed\jetified-play-services-measurement-sdk-21.5.1\proguard.txt
# The proguard configuration file for the following section is transformed\navigation-common-2.7.6\proguard.txt
# Copyright (C) 2019 The Android Open Source Project
#
# Licensed under the Apache License, Version 2.0 (the "License");
# you may not use this file except in compliance with the License.
# You may obtain a copy of the License at
#
#      http://www.apache.org/licenses/LICENSE-2.0
#
# Unless required by applicable law or agreed to in writing, software
# distributed under the License is distributed on an "AS IS" BASIS,
# WITHOUT WARRANTIES OR CONDITIONS OF ANY KIND, either express or implied.
# See the License for the specific language governing permissions and
# limitations under the License.

# NavArgsLazy creates NavArgs instances using reflection
-if public class ** implements androidx.navigation.NavArgs
-keepclassmembers public class <1> {
    ** fromBundle(android.os.Bundle);
}

# Retain the @Navigator.Name annotation on each subclass of Navigator.
# R8 full mode only retains annotations on items matched by a -keep rule,
# hence the extra -keep rule for the subclasses of Navigator.
#
# A -keep rule for the Navigator.Name annotation class is not required
# since the annotation is referenced from the code.
-keepattributes RuntimeVisibleAnnotations
-keep,allowobfuscation,allowshrinking class * extends androidx.navigation.Navigator

# End of content from transformed\navigation-common-2.7.6\proguard.txt
# The proguard configuration file for the following section is transformed\jetified-ui-release\proguard.txt
# Copyright (C) 2020 The Android Open Source Project
#
# Licensed under the Apache License, Version 2.0 (the "License");
# you may not use this file except in compliance with the License.
# You may obtain a copy of the License at
#
#      http://www.apache.org/licenses/LICENSE-2.0
#
# Unless required by applicable law or agreed to in writing, software
# distributed under the License is distributed on an "AS IS" BASIS,
# WITHOUT WARRANTIES OR CONDITIONS OF ANY KIND, either express or implied.
# See the License for the specific language governing permissions and
# limitations under the License.

# We supply these as stubs and are able to link to them at runtime
# because they are hidden public classes in Android. We don't want
# R8 to complain about them not being there during optimization.
-dontwarn android.view.RenderNode
-dontwarn android.view.DisplayListCanvas

-keepclassmembers class androidx.compose.ui.platform.ViewLayerContainer {
    protected void dispatchGetDisplayList();
}

-keepclassmembers class androidx.compose.ui.platform.AndroidComposeView {
    android.view.View findViewByAccessibilityIdTraversal(int);
}

# Users can create Modifier.Node instances that implement multiple Modifier.Node interfaces,
# so we cannot tell whether two modifier.node instances are of the same type without using
# reflection to determine the class type. See b/265188224 for more context.
-keep,allowshrinking class * extends androidx.compose.ui.node.ModifierNodeElement

# End of content from transformed\jetified-ui-release\proguard.txt
# The proguard configuration file for the following section is transformed\jetified-runtime-release\proguard.txt
-assumenosideeffects public class androidx.compose.runtime.ComposerKt {
    void sourceInformation(androidx.compose.runtime.Composer,java.lang.String);
    void sourceInformationMarkerStart(androidx.compose.runtime.Composer,int,java.lang.String);
    void sourceInformationMarkerEnd(androidx.compose.runtime.Composer);
}

# Composer's class initializer doesn't do anything but create an EMPTY object. Marking the
# initializers as having no side effects can help encourage shrinkers to merge/devirtualize Composer
# with ComposerImpl.
-assumenosideeffects public class androidx.compose.runtime.Composer {
    void <clinit>();
}
-assumenosideeffects public class androidx.compose.runtime.ComposerImpl {
    void <clinit>();
}
# End of content from transformed\jetified-runtime-release\proguard.txt
# The proguard configuration file for the following section is transformed\jetified-lifecycle-process-2.7.0\proguard.txt
# this rule is need to work properly when app is compiled with api 28, see b/142778206
-keepclassmembers class * extends androidx.lifecycle.EmptyActivityLifecycleCallbacks { *; }
# End of content from transformed\jetified-lifecycle-process-2.7.0\proguard.txt
# The proguard configuration file for the following section is transformed\jetified-savedstate-1.2.1\proguard.txt
# Copyright (C) 2019 The Android Open Source Project
#
# Licensed under the Apache License, Version 2.0 (the "License");