app/build/outputs/mapping/release/seeds.txt
com.wealthwise.data.dao.LeaderboardDao_Impl$11
com.wealthwise.data.dao.TransactionDao_Impl
com.wealthwise.data.dao.PlayerDao_Impl$6
com.wealthwise.data.dao.TransactionDao_Impl$2
com.wealthwise.data.database.WealthWiseDatabase
com.wealthwise.data.dao.LeaderboardDao_Impl$4
com.wealthwise.data.dao.PlayerDao_Impl$3
com.wealthwise.data.dao.LeaderboardDao_Impl$5
com.wealthwise.data.model.Role
com.wealthwise.data.database.WealthWiseDatabase_Impl$1
com.wealthwise.data.dao.TransactionDao_Impl$6
com.wealthwise.data.dao.LeaderboardDao_Impl$13
com.wealthwise.data.dao.LeaderboardDao_Impl$9
com.wealthwise.data.model.LeaderboardEntry$Companion
com.wealthwise.data.repository.LeaderboardRepository$syncUnsyncedEntries$1
com.wealthwise.data.dao.TransactionDao_Impl$11
com.wealthwise.data.dao.TransactionDao_Impl$9
com.wealthwise.data.dao.LeaderboardDao_Impl$15
com.wealthwise.data.model.AssetType
com.wealthwise.data.dao.LeaderboardDao_Impl$14
com.wealthwise.data.repository.LeaderboardRepository
com.wealthwise.data.model.Player$Companion
com.wealthwise.data.dao.LeaderboardDao
com.wealthwise.data.dao.LeaderboardDao_Impl$6
com.wealthwise.data.dao.TransactionDao_Impl$7
com.wealthwise.data.dao.PlayerDao
com.wealthwise.data.database.WealthWiseDatabase$Companion
com.wealthwise.data.repository.LeaderboardRepository$syncToFirebase$1
com.wealthwise.data.dao.PlayerDao_Impl$11
com.wealthwise.data.database.Converters
com.wealthwise.data.dao.PlayerDao_Impl$7
com.wealthwise.data.dao.LeaderboardDao_Impl$3
com.wealthwise.data.dao.LeaderboardDao_Impl$7
com.wealthwise.data.model.TurnEvent
com.wealthwise.data.database.WealthWiseDatabase_Impl
com.wealthwise.data.model.LeaderboardEntry
com.wealthwise.data.dao.TransactionDao_Impl$8
com.wealthwise.data.dao.PlayerDao_Impl$4
com.wealthwise.data.dao.PlayerDao_Impl$12
com.wealthwise.data.dao.LeaderboardDao_Impl$12
com.wealthwise.data.dao.TransactionDao
com.wealthwise.data.dao.PlayerDao_Impl$5
com.wealthwise.data.dao.PlayerDao_Impl
com.wealthwise.data.model.Player
com.wealthwise.data.dao.TransactionDao_Impl$13
com.wealthwise.data.dao.TransactionDao_Impl$14
com.wealthwise.data.dao.PlayerDao_Impl$13
com.wealthwise.data.dao.PlayerDao_Impl$9
com.wealthwise.data.dao.TransactionDao_Impl$5
com.wealthwise.data.dao.LeaderboardDao_Impl$1
com.wealthwise.data.repository.PlayerRepository
com.wealthwise.data.dao.TransactionDao_Impl$1
com.wealthwise.data.dao.TransactionDao_Impl$10
com.wealthwise.data.model.DecisionOption
com.wealthwise.data.dao.LeaderboardDao$DefaultImpls
com.wealthwise.data.dao.LeaderboardDao_Impl$8
com.wealthwise.data.model.Transaction
com.wealthwise.data.dao.TransactionDao_Impl$3
com.wealthwise.MainActivity
com.wealthwise.data.dao.TransactionDao_Impl$4
com.wealthwise.data.dao.PlayerDao_Impl$2
com.wealthwise.data.dao.TransactionDao_Impl$12
com.wealthwise.data.repository.LeaderboardRepository$fetchFromFirebase$1
com.wealthwise.data.dao.LeaderboardDao_Impl$2
com.wealthwise.data.dao.LeaderboardDao_Impl
com.wealthwise.data.dao.LeaderboardDao_Impl$10
com.wealthwise.data.dao.PlayerDao_Impl$8
com.wealthwise.data.dao.PlayerDao_Impl$10
com.wealthwise.data.dao.PlayerDao_Impl$1
com.wealthwise.data.model.RiskLevel
com.wealthwise.data.model.EventType
com.wealthwise.data.dao.PlayerDao_Impl$14
com.wealthwise.data.model.TransactionType
com.wealthwise.data.model.Player: double mmf
com.wealthwise.data.model.RiskLevel: com.wealthwise.data.model.RiskLevel MEDIUM
com.wealthwise.data.dao.PlayerDao_Impl$11: com.wealthwise.data.dao.PlayerDao_Impl this$0
com.wealthwise.data.repository.PlayerRepository: com.wealthwise.data.dao.TransactionDao transactionDao
com.wealthwise.data.dao.PlayerDao_Impl$12: com.wealthwise.data.dao.PlayerDao_Impl this$0
com.wealthwise.data.model.TurnEvent: java.util.List options
com.wealthwise.data.dao.PlayerDao_Impl: androidx.room.EntityInsertionAdapter __insertionAdapterOfPlayer
com.wealthwise.data.model.Transaction: int day
...
androidx.room.AutoClosingRoomOpenHelper$AutoClosingSupportSQLiteDatabase: int delete(java.lang.String,java.lang.String,java.lang.Object[])
com.google.android.gms.internal.firebase-auth-api.zzajz: java.lang.String zzc(int)
com.google.firebase.auth.UserInfo: boolean isEmailVerified()
com.google.firebase.firestore.Filter: com.google.firebase.firestore.Filter lessThan(com.google.firebase.firestore.FieldPath,java.lang.Object)
com.google.android.gms.internal.firebase-auth-api.zzvv: com.google.android.gms.internal.firebase-auth-api.zzvv zza()
com.google.android.gms.internal.firebase-auth-api.zzamh: java.lang.reflect.Field zza()
com.google.firebase.firestore.local.SQLitePersistence$1: SQLitePersistence$1(com.google.firebase.firestore.local.SQLitePersistence)
com.google.android.gms.internal.firebase-auth-api.zzmi: zzmi()
androidx.fragment.app.Fragment: java.lang.Object getSharedElementEnterTransition()
com.google.firebase.firestore.model.FieldIndex$IndexOffset: int compareTo(java.lang.Object)
com.google.android.gms.internal.firebase-auth-api.zzale: void zzb(int,java.util.List,com.google.android.gms.internal.firebase-auth-api.zzanb)
com.google.firebase.firestore.model.DocumentSet: com.google.firebase.firestore.model.DocumentSet emptySet(java.util.Comparator)
com.google.android.gms.internal.firebase-auth-api.zzace: void zza(com.google.android.gms.internal.firebase-auth-api.zzya,com.google.android.gms.internal.firebase-auth-api.zzacc)
com.google.android.gms.internal.measurement.zzcw: void clearMeasurementEnabled(long)
com.google.android.gms.internal.firebase-auth-api.zzpw: com.google.android.gms.internal.firebase-auth-api.zzow zza(com.google.android.gms.internal.firebase-auth-api.zzbu,com.google.android.gms.internal.firebase-auth-api.zzct)
androidx.fragment.app.Fragment: boolean getAllowEnterTransitionOverlap()
com.google.firebase.firestore.proto.TargetGlobal: int getHighestTargetId()
com.google.firestore.v1.BatchGetDocumentsResponse$ResultCase: com.google.firestore.v1.BatchGetDocumentsResponse$ResultCase valueOf(java.lang.String)
com.google.android.gms.internal.firebase-auth-api.zztb$zza: zztb$zza()
com.google.android.recaptcha.internal.zzlm: void zzi(java.lang.StringBuilder,int)
com.google.android.recaptcha.internal.zzmu: java.lang.Object zzh(int,java.lang.Object,java.lang.Object)
com.google.android.gms.internal.firebase-auth-api.zzti: com.google.android.gms.internal.firebase-auth-api.zzti zza(com.google.android.gms.internal.firebase-auth-api.zzahm,com.google.android.gms.internal.firebase-auth-api.zzaip)
com.google.android.gms.internal.firebase-auth-api.zzabq: java.lang.String zza()
com.google.android.gms.internal.measurement.zzni: long zzf()
com.google.android.play.core.integrity.az: java.lang.Object a()
com.google.android.gms.internal.firebase-auth-api.zzake: java.util.Set entrySet()
com.google.android.recaptcha.internal.zzou: zzou(com.google.android.recaptcha.internal.zzor)
com.google.android.gms.internal.measurement.zzhn: java.lang.String zza(java.lang.String)
com.google.firebase.FirebaseKt: com.google.firebase.FirebaseOptions getOptions(com.google.firebase.Firebase)
com.google.android.gms.internal.measurement.zzfi$zzc: com.google.android.gms.internal.measurement.zzfi$zzc$zza zzb()
com.google.firebase.firestore.local.LocalDocumentsView: java.util.Map getOverlayedDocuments(java.util.Map)
com.google.android.gms.internal.firebase-auth-api.zzabl: zzabl(java.lang.String)
com.google.android.recaptcha.internal.zzkq: void zzB(java.util.List)
com.google.firebase.firestore.core.CompositeFilter: boolean isConjunction()
com.google.android.gms.internal.measurement.zzas: java.lang.Boolean zzd()
com.google.firebase.firestore.ktx.FirestoreKt$dataObjects$$inlined$map$1$2$1: java.lang.Object invokeSuspend(java.lang.Object)
androidx.compose.ui.platform.AndroidComposeView: androidx.compose.ui.input.pointer.PointerIconService getPointerIconService()
com.google.android.gms.internal.firebase-auth-api.zzez: zzez()